[2022-06-16 19:38:49] [ INFO ] [PacienteDaoH2:51] comienza metodo guardar
[2022-06-16 19:38:49] [ ERROR] [PacienteDaoH2:91] Hubo un error al intentar guardar el nuevo paciente.
[2022-06-16 19:38:49] [ INFO ] [PacienteDaoH2:95] Se guardo correctamente el nuevo paciente.
[2022-06-16 19:39:10] [ INFO ] [PacienteDaoH2:51] comienza metodo guardar
[2022-06-16 19:39:10] [ INFO ] [PacienteDaoH2:95] Se guardo correctamente el nuevo paciente.
[2022-06-16 19:44:03] [ INFO ] [OdontologoDaoH2:49] comienza metodo guardar
[2022-06-16 19:44:04] [ ERROR] [OdontologoDaoH2:87] Hubo un error al intentar guardar el nuevo odontologo.
[2022-06-16 19:44:04] [ INFO ] [OdontologoDaoH2:91] Se guardo correctamente el nuevo odontologo.
[2022-06-16 19:44:04] [ INFO ] [PacienteDaoH2:51] comienza metodo guardar
[2022-06-16 19:44:04] [ ERROR] [PacienteDaoH2:91] Hubo un error al intentar guardar el nuevo paciente.
[2022-06-16 19:44:04] [ INFO ] [PacienteDaoH2:95] Se guardo correctamente el nuevo paciente.
[2022-06-16 19:46:14] [ DEBUG] [OdontologoDaoH2:31] Se crea la tabla de odontologos.
[2022-06-16 19:46:14] [ INFO ] [PacienteDaoH2:51] comienza metodo guardar
[2022-06-16 19:46:14] [ ERROR] [PacienteDaoH2:91] Hubo un error al intentar guardar el nuevo paciente.
[2022-06-16 19:46:14] [ INFO ] [PacienteDaoH2:95] Se guardo correctamente el nuevo paciente.
[2022-06-16 20:02:58] [ INFO ] [OdontologoDaoH2:49] comienza metodo guardar
[2022-06-16 20:02:58] [ ERROR] [OdontologoDaoH2:87] Hubo un error al intentar guardar el nuevo odontologo.
[2022-06-16 20:02:58] [ INFO ] [OdontologoDaoH2:91] Se guardo correctamente el nuevo odontologo.
[2022-06-16 20:02:58] [ INFO ] [PacienteDaoH2:51] comienza metodo guardar
[2022-06-16 20:02:58] [ INFO ] [PacienteDaoH2:95] Se guardo correctamente el nuevo paciente.
[2022-06-16 20:04:29] [ INFO ] [OdontologoDaoH2:49] comienza metodo guardar
[2022-06-16 20:04:30] [ INFO ] [OdontologoDaoH2:91] Se guardo correctamente el nuevo odontologo.
[2022-06-16 20:04:30] [ INFO ] [PacienteDaoH2:51] comienza metodo guardar
[2022-06-16 20:04:30] [ INFO ] [PacienteDaoH2:95] Se guardo correctamente el nuevo paciente.
[2022-06-16 21:25:32] [ INFO ] [OdontologoDaoH2:49] comienza metodo guardar
[2022-06-16 21:25:33] [ ERROR] [OdontologoDaoH2:87] Hubo un error al intentar guardar el nuevo odontologo.
[2022-06-16 21:25:33] [ INFO ] [OdontologoDaoH2:91] Se guardo correctamente el nuevo odontologo.
[2022-06-16 21:25:33] [ INFO ] [PacienteDaoH2:51] comienza metodo guardar
[2022-06-16 21:25:33] [ ERROR] [PacienteDaoH2:91] Hubo un error al intentar guardar el nuevo paciente.
[2022-06-16 21:25:33] [ INFO ] [PacienteDaoH2:95] Se guardo correctamente el nuevo paciente.
[2022-06-16 21:37:54] [ INFO ] [UsuarioController:34] Listando todo
[2022-06-16 22:00:12] [ INFO ] [UsuarioController:34] Listando todo
[2022-06-16 22:17:16] [ INFO ] [UsuarioController:34] Listando todo
[2022-06-16 22:17:24] [ INFO ] [UsuarioController:34] Listando todo
[2022-06-17 13:06:26] [ INFO ] [UsuarioController:34] Listando todo
[2022-06-17 13:07:43] [ INFO ] [UsuarioController:34] Listando todo
[2022-06-17 13:11:10] [ INFO ] [OdontologoDaoH2:49] comienza metodo guardar
[2022-06-17 13:11:11] [ ERROR] [OdontologoDaoH2:87] Hubo un error al intentar guardar el nuevo odontologo.
[2022-06-17 13:11:11] [ INFO ] [OdontologoDaoH2:91] Se guardo correctamente el nuevo odontologo.
[2022-06-17 13:11:11] [ INFO ] [PacienteDaoH2:51] comienza metodo guardar
[2022-06-17 13:11:11] [ ERROR] [PacienteDaoH2:91] Hubo un error al intentar guardar el nuevo paciente.
[2022-06-17 13:11:11] [ INFO ] [PacienteDaoH2:95] Se guardo correctamente el nuevo paciente.
[2022-06-17 13:12:20] [ INFO ] [OdontologoDaoH2:49] comienza metodo guardar
[2022-06-17 13:12:20] [ ERROR] [OdontologoDaoH2:87] Hubo un error al intentar guardar el nuevo odontologo.
[2022-06-17 13:12:20] [ INFO ] [OdontologoDaoH2:91] Se guardo correctamente el nuevo odontologo.
[2022-06-17 13:12:20] [ INFO ] [PacienteDaoH2:51] comienza metodo guardar
[2022-06-17 13:12:20] [ ERROR] [PacienteDaoH2:91] Hubo un error al intentar guardar el nuevo paciente.
[2022-06-17 13:12:20] [ INFO ] [PacienteDaoH2:95] Se guardo correctamente el nuevo paciente.
[2022-06-17 14:47:51] [ ERROR] [OdontologoDaoH2:190] Hubo un error al buscar un odontologo por  id
[2022-06-17 14:48:51] [ INFO ] [OdontologoDaoH2:184] Se encontro el odontologo buscado por id
[2022-06-17 14:55:36] [ INFO ] [OdontologoDaoH2:49] comienza metodo guardar
[2022-06-17 14:55:37] [ INFO ] [OdontologoDaoH2:91] Se guardo correctamente el nuevo odontologo.
[2022-06-17 16:00:00] [ INFO ] [UsuarioController:34] Listando todo
[2022-06-17 16:00:16] [ INFO ] [UsuarioController:34] Listando todo
[2022-06-17 19:04:46] [ INFO ] [UsuarioController:45] Listando todo
[2022-06-17 19:10:06] [ INFO ] [UsuarioController:45] Listando todo
[2022-06-17 19:10:40] [ INFO ] [UsuarioController:45] Listando todo
[2022-06-17 19:11:56] [ INFO ] [UsuarioController:45] Listando todo
[2022-06-17 19:19:50] [ INFO ] [UsuarioController:45] Listando todo
[2022-06-17 19:23:17] [ INFO ] [UsuarioController:45] Listando todo
[2022-06-17 19:41:16] [ INFO ] [UsuarioController:45] actualizando
[2022-06-17 19:44:30] [ INFO ] [UsuarioController:45] actualizando
[2022-06-17 20:27:57] [ ERROR] [OdontologoDaoH2:256] Hubo un error al intentar listar todos los odontologos
[2022-06-17 20:28:27] [ ERROR] [OdontologoDaoH2:256] Hubo un error al intentar listar todos los odontologos
[2022-06-17 20:28:39] [ INFO ] [OdontologoDaoH2:250] Se implemento el metodo buscarTodos los odontologos correctamente
[2022-06-17 20:29:00] [ INFO ] [OdontologoDaoH2:189] Se encontro el odontologo buscado por id
[2022-06-17 20:29:09] [ INFO ] [OdontologoDaoH2:189] Se encontro el odontologo buscado por id
[2022-06-17 20:32:01] [ INFO ] [OdontologoDaoH2:54] comienza metodo guardar
[2022-06-17 20:32:01] [ INFO ] [OdontologoDaoH2:96] Se guardo correctamente el nuevo odontologo.
[2022-06-17 20:32:18] [ INFO ] [OdontologoDaoH2:250] Se implemento el metodo buscarTodos los odontologos correctamente
[2022-06-17 20:41:22] [ INFO ] [OdontologoDaoH2:98] comienza metodo actualizar
[2022-06-17 20:41:22] [ INFO ] [OdontologoDaoH2:141] Se guardo correctamente el nuevo odontologo.
[2022-06-17 20:43:05] [ INFO ] [OdontologoDaoH2:98] comienza metodo actualizar
[2022-06-17 20:43:06] [ INFO ] [OdontologoDaoH2:141] Se actualizo correctamente el nuevo odontologo.
[2022-06-17 20:51:45] [ INFO ] [PacienteDaoH2:257] Se implemento el metodo buscarTodos los odontologos correctamente
[2022-06-17 20:52:15] [ INFO ] [PacienteDaoH2:196] Se encontro el odontologo buscado por id
[2022-06-17 20:52:20] [ INFO ] [PacienteDaoH2:196] Se encontro el odontologo buscado por id
[2022-06-17 20:52:24] [ INFO ] [PacienteDaoH2:196] Se encontro el odontologo buscado por id
[2022-06-17 21:03:16] [ INFO ] [PacienteDaoH2:305] Se implemento el metodo buscarTodos los odontologos correctamente
[2022-06-17 21:07:05] [ INFO ] [PacienteDaoH2:51] comienza metodo guardar
[2022-06-17 21:08:55] [ INFO ] [PacienteDaoH2:51] comienza metodo guardar
[2022-06-17 21:10:04] [ INFO ] [PacienteDaoH2:51] comienza metodo guardar
[2022-06-17 21:12:37] [ INFO ] [PacienteDaoH2:51] comienza metodo guardar
[2022-06-17 21:13:20] [ INFO ] [PacienteDaoH2:51] comienza metodo guardar
[2022-06-17 21:13:47] [ INFO ] [PacienteDaoH2:51] comienza metodo guardar
[2022-06-17 21:16:28] [ INFO ] [PacienteDaoH2:51] comienza metodo guardar
[2022-06-17 21:29:13] [ INFO ] [PacienteDaoH2:51] comienza metodo guardar
[2022-06-17 21:29:13] [ INFO ] [PacienteDaoH2:95] Se guardo correctamente el nuevo paciente.
[2022-06-17 21:30:57] [ INFO ] [PacienteDaoH2:51] comienza metodo guardar
[2022-06-17 21:30:58] [ INFO ] [PacienteDaoH2:95] Se guardo correctamente el nuevo paciente.
[2022-06-17 21:43:23] [ INFO ] [PacienteDaoH2:143] Comienza el método actualizar datos del paciente
[2022-06-17 21:43:23] [ ERROR] [PacienteDaoH2:184] Hubo un error al intentar actualizar el  paciente.
[2022-06-17 21:43:23] [ INFO ] [PacienteDaoH2:188] Se actualizo correctamente los datos del paciente.
[2022-06-17 21:44:05] [ INFO ] [PacienteDaoH2:143] Comienza el método actualizar datos del paciente
[2022-06-17 21:44:06] [ INFO ] [PacienteDaoH2:188] Se actualizo correctamente los datos del paciente.
[2022-06-17 21:46:18] [ ERROR] [PacienteDaoH2:130] Hubo un error al intentar eliminar..
[2022-06-17 21:46:43] [ INFO ] [PacienteDaoH2:126] Se elimino correctamente.
[2022-06-17 21:49:08] [ ERROR] [PacienteDaoH2:130] Hubo un error al intentar eliminar..
[2022-06-17 21:49:30] [ INFO ] [PacienteDaoH2:126] Se elimino correctamente.
[2022-06-21 22:49:54] [ INFO ] [OdontologoDaoH2:51] comienza metodo guardar
[2022-06-21 22:49:54] [ ERROR] [OdontologoDaoH2:89] Hubo un error al intentar guardar el nuevo odontologo.
[2022-06-21 22:49:54] [ INFO ] [OdontologoDaoH2:93] Se guardo correctamente el nuevo odontologo.
[2022-06-21 22:49:54] [ INFO ] [PacienteDaoH2:51] comienza metodo guardar
[2022-06-21 22:49:54] [ ERROR] [PacienteDaoH2:91] Hubo un error al intentar guardar el nuevo paciente.
[2022-06-21 22:49:54] [ INFO ] [PacienteDaoH2:95] Se guardo correctamente el nuevo paciente.
[2022-06-21 22:54:05] [ INFO ] [OdontologoDaoH2:51] comienza metodo guardar
[2022-06-21 22:54:05] [ ERROR] [OdontologoDaoH2:89] Hubo un error al intentar guardar el nuevo odontologo.
[2022-06-21 22:54:05] [ INFO ] [OdontologoDaoH2:93] Se guardo correctamente el nuevo odontologo.
[2022-06-21 22:54:05] [ INFO ] [PacienteDaoH2:51] comienza metodo guardar
[2022-06-21 22:54:05] [ ERROR] [PacienteDaoH2:91] Hubo un error al intentar guardar el nuevo paciente.
[2022-06-21 22:54:05] [ INFO ] [PacienteDaoH2:95] Se guardo correctamente el nuevo paciente.
[2022-06-23 14:19:38] [ INFO ] [OdontologoDaoH2:51] comienza metodo guardar
[2022-06-23 14:19:39] [ ERROR] [OdontologoDaoH2:89] Hubo un error al intentar guardar el nuevo odontologo.
[2022-06-23 14:19:39] [ INFO ] [OdontologoDaoH2:93] Se guardo correctamente el nuevo odontologo.
[2022-06-23 14:19:39] [ INFO ] [PacienteDaoH2:51] comienza metodo guardar
[2022-06-23 14:19:39] [ ERROR] [PacienteDaoH2:91] Hubo un error al intentar guardar el nuevo paciente.
[2022-06-23 14:19:39] [ INFO ] [PacienteDaoH2:95] Se guardo correctamente el nuevo paciente.
[2022-06-23 14:22:28] [ INFO ] [OdontologoDaoH2:51] comienza metodo guardar
[2022-06-23 14:22:28] [ ERROR] [OdontologoDaoH2:89] Hubo un error al intentar guardar el nuevo odontologo.
[2022-06-23 14:22:28] [ INFO ] [OdontologoDaoH2:93] Se guardo correctamente el nuevo odontologo.
[2022-06-23 14:22:28] [ INFO ] [PacienteDaoH2:51] comienza metodo guardar
[2022-06-23 14:22:28] [ ERROR] [PacienteDaoH2:91] Hubo un error al intentar guardar el nuevo paciente.
[2022-06-23 14:22:28] [ INFO ] [PacienteDaoH2:95] Se guardo correctamente el nuevo paciente.
[2022-06-23 14:22:51] [ INFO ] [OdontologoDaoH2:51] comienza metodo guardar
[2022-06-23 14:22:52] [ INFO ] [OdontologoDaoH2:93] Se guardo correctamente el nuevo odontologo.
[2022-06-23 14:22:52] [ INFO ] [PacienteDaoH2:51] comienza metodo guardar
[2022-06-23 14:22:52] [ ERROR] [PacienteDaoH2:91] Hubo un error al intentar guardar el nuevo paciente.
[2022-06-23 14:22:52] [ INFO ] [PacienteDaoH2:95] Se guardo correctamente el nuevo paciente.
[2022-06-23 14:23:18] [ INFO ] [OdontologoDaoH2:51] comienza metodo guardar
[2022-06-23 14:23:19] [ INFO ] [OdontologoDaoH2:93] Se guardo correctamente el nuevo odontologo.
[2022-06-23 14:23:19] [ INFO ] [PacienteDaoH2:51] comienza metodo guardar
[2022-06-23 14:23:19] [ ERROR] [PacienteDaoH2:91] Hubo un error al intentar guardar el nuevo paciente.
[2022-06-23 14:23:19] [ INFO ] [PacienteDaoH2:95] Se guardo correctamente el nuevo paciente.
[2022-06-23 14:24:58] [ INFO ] [OdontologoDaoH2:51] comienza metodo guardar
[2022-06-23 14:24:59] [ INFO ] [OdontologoDaoH2:93] Se guardo correctamente el nuevo odontologo.
[2022-06-23 14:24:59] [ INFO ] [PacienteDaoH2:51] comienza metodo guardar
[2022-06-23 14:24:59] [ INFO ] [PacienteDaoH2:95] Se guardo correctamente el nuevo paciente.
[2022-06-23 14:25:42] [ INFO ] [OdontologoDaoH2:51] comienza metodo guardar
[2022-06-23 14:25:42] [ INFO ] [OdontologoDaoH2:93] Se guardo correctamente el nuevo odontologo.
[2022-06-23 14:25:42] [ INFO ] [PacienteDaoH2:51] comienza metodo guardar
[2022-06-23 14:25:42] [ INFO ] [PacienteDaoH2:95] Se guardo correctamente el nuevo paciente.
[2022-06-23 14:39:19] [ INFO ] [OdontologoDaoH2:51] comienza metodo guardar
[2022-06-23 14:39:19] [ ERROR] [OdontologoDaoH2:89] Hubo un error al intentar guardar el nuevo odontologo.
[2022-06-23 14:39:19] [ INFO ] [OdontologoDaoH2:93] Se guardo correctamente el nuevo odontologo.
[2022-06-23 14:39:19] [ INFO ] [PacienteDaoH2:51] comienza metodo guardar
[2022-06-23 14:39:19] [ ERROR] [PacienteDaoH2:91] Hubo un error al intentar guardar el nuevo paciente.
[2022-06-23 14:39:19] [ INFO ] [PacienteDaoH2:95] Se guardo correctamente el nuevo paciente.
